0 info it worked if it ends with ok
1 verbose cli [ '/usr/bin/nodejs', '/usr/bin/npm', 'start' ]
2 info using npm@3.3.12
3 info using node@v5.2.0
4 verbose run-script [ 'prestart', 'start', 'poststart' ]
5 info lifecycle blackjack@1.0.0~prestart: blackjack@1.0.0
6 silly lifecycle blackjack@1.0.0~prestart: no script for prestart, continuing
7 info lifecycle blackjack@1.0.0~start: blackjack@1.0.0
8 verbose lifecycle blackjack@1.0.0~start: unsafe-perm in lifecycle true
9 verbose lifecycle blackjack@1.0.0~start: PATH: /usr/lib/node_modules/npm/bin/node-gyp-bin:/home/zachary/Projects/blackjack/node_modules/.bin:/home/zachary/google-cloud-sdk/bin:/opt/android-sdk-linux/tools:/opt/android-sdk-linux/platform-tools:/home/zachary/bin:/usr/local/sbin:/usr/local/bin:/usr/sbin:/usr/bin:/sbin:/bin:/usr/games:/usr/local/games
10 verbose lifecycle blackjack@1.0.0~start: CWD: /home/zachary/Projects/blackjack
11 silly lifecycle blackjack@1.0.0~start: Args: [ '-c', 'ws' ]
12 silly lifecycle blackjack@1.0.0~start: Returned: code: 143  signal: null
13 info lifecycle blackjack@1.0.0~start: Failed to exec start script
14 verbose stack Error: blackjack@1.0.0 start: `ws`
14 verbose stack Exit status 143
14 verbose stack     at EventEmitter.<anonymous> (/usr/lib/node_modules/npm/lib/utils/lifecycle.js:232:16)
14 verbose stack     at emitTwo (events.js:88:13)
14 verbose stack     at EventEmitter.emit (events.js:173:7)
14 verbose stack     at ChildProcess.<anonymous> (/usr/lib/node_modules/npm/lib/utils/spawn.js:24:14)
14 verbose stack     at emitTwo (events.js:88:13)
14 verbose stack     at ChildProcess.emit (events.js:173:7)
14 verbose stack     at maybeClose (internal/child_process.js:819:16)
14 verbose stack     at Process.ChildProcess._handle.onexit (internal/child_process.js:212:5)
15 verbose pkgid blackjack@1.0.0
16 verbose cwd /home/zachary/Projects/blackjack
17 error Linux 4.2.0-18-generic
18 error argv "/usr/bin/nodejs" "/usr/bin/npm" "start"
19 error node v5.2.0
20 error npm  v3.3.12
21 error code ELIFECYCLE
22 error blackjack@1.0.0 start: `ws`
22 error Exit status 143
23 error Failed at the blackjack@1.0.0 start script 'ws'.
23 error Make sure you have the latest version of node.js and npm installed.
23 error If you do, this is most likely a problem with the blackjack package,
23 error not with npm itself.
23 error Tell the author that this fails on your system:
23 error     ws
23 error You can get their info via:
23 error     npm owner ls blackjack
23 error There is likely additional logging output above.
24 verbose exit [ 1, true ]
